<?xml version="1.0" encoding="UTF-8"?>
<!-- Generated by org.testng.reporters.JUnitReportReporter -->
<testsuite skipped="0" hostname="DESKTOP-TPKVVQE" name="Day18_TestNG.TestNG_example1$Sample1" tests="1" failures="0" timestamp="03 Jan 2023 15:38:51 GMT" time="0.014" errors="0">
  <testcase name="testCase1" time="0.014" classname="Day18_TestNG.TestNG_example1$Sample1"/>
</testsuite> <!-- Day18_TestNG.TestNG_example1$Sample1 -->
