<?xml version="1.0" encoding="UTF-8"?>
<!-- Generated by org.testng.reporters.JUnitReportReporter -->
<testsuite skipped="0" hostname="DESKTOP-TPKVVQE" name="Day18_TestNG.TestNG_example1" tests="3" failures="0" timestamp="03 Jan 2023 15:38:51 GMT" time="0.013" errors="0">
  <testcase name="logintest" time="0.005" classname="Day18_TestNG.TestNG_example1"/>
  <testcase name="createtaask" time="0.006" classname="Day18_TestNG.TestNG_example1"/>
  <testcase name="logout" time="0.002" classname="Day18_TestNG.TestNG_example1"/>
</testsuite> <!-- Day18_TestNG.TestNG_example1 -->
