<?xml version="1.0" encoding="UTF-8"?>
<!-- Generated by org.testng.reporters.JUnitReportReporter -->
<testsuite skipped="0" hostname="DESKTOP-TPKVVQE" name="Day23_Broken_link.BrokenLinkExample2" tests="1" failures="0" timestamp="12 Jan 2023 06:38:32 GMT" time="68.622" errors="0">
  <testcase name="testLinks" time="68.622" classname="Day23_Broken_link.BrokenLinkExample2"/>
</testsuite> <!-- Day23_Broken_link.BrokenLinkExample2 -->
