<?xml version="1.0" encoding="UTF-8"?>
<!-- Generated by org.testng.reporters.JUnitReportReporter -->
<testsuite skipped="0" hostname="DESKTOP-TPKVVQE" name="Day21_DDT.DDT_example1" tests="4" failures="0" timestamp="06 Jan 2023 10:16:30 GMT" time="0.765" errors="0">
  <testcase name="sheetOps" time="0.741" classname="Day21_DDT.DDT_example1"/>
  <testcase name="cellOps" time="0.019" classname="Day21_DDT.DDT_example1"/>
  <testcase name="rowOps" time="0.002" classname="Day21_DDT.DDT_example1"/>
  <testcase name="readDiffrenetTypeOfDataFromExcel" time="0.003" classname="Day21_DDT.DDT_example1"/>
</testsuite> <!-- Day21_DDT.DDT_example1 -->
