<?xml version="1.0" encoding="UTF-8"?>
<!-- Generated by org.testng.reporters.JUnitReportReporter -->
<testsuite skipped="2" hostname="DESKTOP-TPKVVQE" name="Day22_DDT_2.datadriventesting.Example1" tests="3" failures="0" timestamp="10 Jan 2023 18:47:48 GMT" time="0.874" errors="0">
  <testcase name="getDiffTypeOfCellData" time="0.874" classname="Day22_DDT_2.datadriventesting.Example1"/>
  <testcase name="Row_operation" classname="Day22_DDT_2.datadriventesting.Example1">
    <skipped/>
  </testcase> <!-- Row_operation -->
  <testcase name="Sheet_operation" classname="Day22_DDT_2.datadriventesting.Example1">
    <skipped/>
  </testcase> <!-- Sheet_operation -->
</testsuite> <!-- Day22_DDT_2.datadriventesting.Example1 -->
