<?xml version="1.0" encoding="UTF-8"?>
<!-- Generated by org.testng.reporters.JUnitReportReporter -->
<testsuite skipped="0" hostname="DESKTOP-TPKVVQE" name="Day24_TestNG_Advance.IncludeAndExcludeTestMethods" tests="3" failures="0" timestamp="16 Jan 2023 06:38:21 GMT" time="0.010" errors="0">
  <testcase name="addLocationTestCase" time="0.000" classname="Day24_TestNG_Advance.IncludeAndExcludeTestMethods"/>
  <testcase name="addDepartmentTestCase" time="0.000" classname="Day24_TestNG_Advance.IncludeAndExcludeTestMethods"/>
  <testcase name="addEmployeeTestCase" time="0.010" classname="Day24_TestNG_Advance.IncludeAndExcludeTestMethods"/>
</testsuite> <!-- Day24_TestNG_Advance.IncludeAndExcludeTestMethods -->
