<?xml version="1.0" encoding="UTF-8"?>
<!-- Generated by org.testng.reporters.JUnitReportReporter -->
<testsuite skipped="0" hostname="DESKTOP-TPKVVQE" name="Day24_TestNG_Advance.DataProviderExample" tests="6" failures="0" timestamp="16 Jan 2023 06:38:21 GMT" time="44.530" errors="0">
  <testcase name="setData" time="0.016" classname="Day24_TestNG_Advance.DataProviderExample"/>
  <testcase name="testLoginOfVtiger" time="5.039" classname="Day24_TestNG_Advance.DataProviderExample"/>
  <testcase name="setData" time="0.000" classname="Day24_TestNG_Advance.DataProviderExample"/>
  <testcase name="testLoginOfVtiger" time="33.220" classname="Day24_TestNG_Advance.DataProviderExample"/>
  <testcase name="setData" time="0.000" classname="Day24_TestNG_Advance.DataProviderExample"/>
  <testcase name="testLoginOfVtiger" time="6.255" classname="Day24_TestNG_Advance.DataProviderExample"/>
</testsuite> <!-- Day24_TestNG_Advance.DataProviderExample -->
