<?xml version="1.0" encoding="UTF-8"?>
<!-- Generated by org.testng.reporters.JUnitReportReporter -->
<testsuite hostname="DESKTOP-TPKVVQE" failures="0" tests="4" name="Testscript_actitime.TestActiTime" time="15.030" errors="0" timestamp="2023-01-26T16:21:34 IST" skipped="0">
  <testcase classname="Testscript_actitime.TestActiTime" name="testActiTimeLoginFeature" time="0.780"/>
  <system-out/>
  <testcase classname="Testscript_actitime.TestActiTime" name="testActiTimeHomePageFeature" time="7.032"/>
  <system-out/>
  <testcase classname="Testscript_actitime.TestActiTime" name="testActiTimeTaskCreation" time="3.968"/>
  <system-out/>
  <testcase classname="Testscript_actitime.TestActiTime" name="testActiTimeTaskDeletion" time="3.250"/>
  <system-out/>
</testsuite> <!-- Testscript_actitime.TestActiTime -->
