<?xml version="1.0" encoding="UTF-8"?>
<!-- Generated by org.testng.reporters.JUnitReportReporter -->
<testsuite hostname="DESKTOP-TPKVVQE" failures="0" tests="1" name="day17_Assignment.Orange_HRM_assignment" time="43.082" errors="0" timestamp="2023-01-30T21:41:02 IST" skipped="0">
  <testcase classname="day17_Assignment.Orange_HRM_assignment" name="Login" time="43.082"/>
  <system-out/>
</testsuite> <!-- day17_Assignment.Orange_HRM_assignment -->
