<?xml version="1.0" encoding="UTF-8"?>
<!-- Generated by org.testng.reporters.JUnitReportReporter -->
<testsuite skipped="0" hostname="DESKTOP-TPKVVQE" name="Day22_DDT_2.datadriventesting.ExcelUpdate" tests="2" failures="0" timestamp="10 Jan 2023 20:51:03 GMT" time="0.980" errors="0">
  <testcase name="updateSheetDetails" time="0.161" classname="Day22_DDT_2.datadriventesting.ExcelUpdate"/>
  <testcase name="updateCellDetails" time="0.819" classname="Day22_DDT_2.datadriventesting.ExcelUpdate"/>
</testsuite> <!-- Day22_DDT_2.datadriventesting.ExcelUpdate -->
