<?xml version="1.0" encoding="UTF-8"?>
<!-- Generated by org.testng.reporters.JUnitReportReporter -->
<testsuite hostname="DESKTOP-TPKVVQE" failures="0" tests="2" name="Day24_TestNG_Advance.GroupExamples" time="0.019" errors="0" timestamp="17 Jan 2023 08:45:05 GMT" skipped="0">
  <testcase classname="Day24_TestNG_Advance.GroupExamples" name="testCaseThree" time="0.002"/>
  <testcase classname="Day24_TestNG_Advance.GroupExamples" name="testCaseFive" time="0.017"/>
</testsuite> <!-- Day24_TestNG_Advance.GroupExamples -->
