<?xml version="1.0" encoding="UTF-8"?>
<!-- Generated by org.testng.reporters.JUnitReportReporter -->
<testsuite hostname="DESKTOP-TPKVVQE" failures="0" tests="4" name="TestScripts.OrangeHRM" time="36.069" errors="0" timestamp="18 Jan 2023 18:01:10 GMT" skipped="0">
  <testcase classname="TestScripts.OrangeHRM" name="testOranghrmLoginFeature" time="2.302"/>
  <testcase classname="TestScripts.OrangeHRM" name="testPimCreation" time="12.086"/>
  <testcase classname="TestScripts.OrangeHRM" name="testPimModification" time="9.837"/>
  <testcase classname="TestScripts.OrangeHRM" name="testPimDeletion" time="11.844"/>
</testsuite> <!-- TestScripts.OrangeHRM -->
