<?xml version="1.0" encoding="UTF-8"?>
<!-- Generated by org.testng.reporters.JUnitReportReporter -->
<testsuite hostname="DESKTOP-LLLGMOJ" failures="0" tests="1" name="runner.TestRunner" time="8.548" errors="0" timestamp="28 Jan 2023 03:52:07 GMT">
  <testcase classname="runner.TestRunner" name="runScenario" time="8.548"/>
</testsuite> <!-- runner.TestRunner -->
